{"/Users/alankmathew/Documents/GitHub/forked/webUI/src/components/CreateIssue.jsx": {"path":"/Users/alankmathew/Documents/GitHub/forked/webUI/src/components/CreateIssue.jsx","statementMap":{"0":{"start":{"line":157,"column":20},"end":{"line":329,"column":1}},"1":{"start":{"line":158,"column":23},"end":{"line":166,"column":3}},"2":{"start":{"line":168,"column":28},"end":{"line":168,"column":50}},"3":{"start":{"line":169,"column":34},"end":{"line":169,"column":45}},"4":{"start":{"line":170,"column":32},"end":{"line":170,"column":44}},"5":{"start":{"line":172,"column":2},"end":{"line":183,"column":9}},"6":{"start":{"line":173,"column":25},"end":{"line":180,"column":5}},"7":{"start":{"line":174,"column":6},"end":{"line":179,"column":7}},"8":{"start":{"line":175,"column":25},"end":{"line":175,"column":77}},"9":{"start":{"line":176,"column":8},"end":{"line":176,"column":34}},"10":{"start":{"line":178,"column":8},"end":{"line":178,"column":56}},"11":{"start":{"line":182,"column":4},"end":{"line":182,"column":19}},"12":{"start":{"line":185,"column":28},"end":{"line":188,"column":3}},"13":{"start":{"line":186,"column":28},"end":{"line":186,"column":36}},"14":{"start":{"line":187,"column":4},"end":{"line":187,"column":42}},"15":{"start":{"line":190,"column":31},"end":{"line":193,"column":3}},"16":{"start":{"line":191,"column":18},"end":{"line":191,"column":42}},"17":{"start":{"line":192,"column":4},"end":{"line":192,"column":23}},"18":{"start":{"line":195,"column":23},"end":{"line":224,"column":3}},"19":{"start":{"line":196,"column":4},"end":{"line":196,"column":23}},"20":{"start":{"line":197,"column":4},"end":{"line":223,"column":5}},"21":{"start":{"line":198,"column":17},"end":{"line":198,"column":53}},"22":{"start":{"line":199,"column":19},"end":{"line":199,"column":43}},"23":{"start":{"line":200,"column":27},"end":{"line":200,"column":59}},"24":{"start":{"line":201,"column":25},"end":{"line":201,"column":44}},"25":{"start":{"line":202,"column":26},"end":{"line":202,"column":70}},"26":{"start":{"line":204,"column":6},"end":{"line":204,"column":52}},"27":{"start":{"line":206,"column":23},"end":{"line":206,"column":88}},"28":{"start":{"line":208,"column":6},"end":{"line":216,"column":9}},"29":{"start":{"line":218,"column":6},"end":{"line":218,"column":29}},"30":{"start":{"line":219,"column":6},"end":{"line":219,"column":21}},"31":{"start":{"line":220,"column":6},"end":{"line":220,"column":16}},"32":{"start":{"line":222,"column":6},"end":{"line":222,"column":69}},"33":{"start":{"line":226,"column":2},"end":{"line":328,"column":4}},"34":{"start":{"line":303,"column":6},"end":{"line":303,"column":76}},"35":{"start":{"line":318,"column":6},"end":{"line":318,"column":76}}},"fnMap":{"0":{"name":"(anonymous_0)","decl":{"start":{"line":157,"column":20},"end":{"line":157,"column":21}},"loc":{"start":{"line":157,"column":37},"end":{"line":329,"column":1}},"line":157},"1":{"name":"(anonymous_1)","decl":{"start":{"line":172,"column":12},"end":{"line":172,"column":13}},"loc":{"start":{"line":172,"column":18},"end":{"line":183,"column":3}},"line":172},"2":{"name":"(anonymous_2)","decl":{"start":{"line":173,"column":25},"end":{"line":173,"column":26}},"loc":{"start":{"line":173,"column":37},"end":{"line":180,"column":5}},"line":173},"3":{"name":"(anonymous_3)","decl":{"start":{"line":185,"column":28},"end":{"line":185,"column":29}},"loc":{"start":{"line":185,"column":35},"end":{"line":188,"column":3}},"line":185},"4":{"name":"(anonymous_4)","decl":{"start":{"line":190,"column":31},"end":{"line":190,"column":32}},"loc":{"start":{"line":190,"column":38},"end":{"line":193,"column":3}},"line":190},"5":{"name":"(anonymous_5)","decl":{"start":{"line":195,"column":23},"end":{"line":195,"column":24}},"loc":{"start":{"line":195,"column":36},"end":{"line":224,"column":3}},"line":195},"6":{"name":"(anonymous_6)","decl":{"start":{"line":302,"column":17},"end":{"line":302,"column":18}},"loc":{"start":{"line":303,"column":6},"end":{"line":303,"column":76}},"line":303},"7":{"name":"(anonymous_7)","decl":{"start":{"line":317,"column":17},"end":{"line":317,"column":18}},"loc":{"start":{"line":318,"column":6},"end":{"line":318,"column":76}},"line":318}},"branchMap":{},"s":{"0":0,"1":0,"2":0,"3":0,"4":0,"5":0,"6":0,"7":0,"8":0,"9":0,"10":0,"11":0,"12":0,"13":0,"14":0,"15":0,"16":0,"17":0,"18":0,"19":0,"20":0,"21":0,"22":0,"23":0,"24":0,"25":0,"26":0,"27":0,"28":0,"29":0,"30":0,"31":0,"32":0,"33":0,"34":0,"35":0},"f":{"0":0,"1":0,"2":0,"3":0,"4":0,"5":0,"6":0,"7":0},"b":{}}
,"/Users/alankmathew/Documents/GitHub/forked/webUI/src/components/issueView/CommentSection.jsx": {"path":"/Users/alankmathew/Documents/GitHub/forked/webUI/src/components/issueView/CommentSection.jsx","statementMap":{"0":{"start":{"line":196,"column":23},"end":{"line":382,"column":1}},"1":{"start":{"line":197,"column":32},"end":{"line":197,"column":44}},"2":{"start":{"line":198,"column":34},"end":{"line":198,"column":46}},"3":{"start":{"line":199,"column":34},"end":{"line":199,"column":48}},"4":{"start":{"line":200,"column":34},"end":{"line":200,"column":46}},"5":{"start":{"line":202,"column":2},"end":{"line":215,"column":16}},"6":{"start":{"line":203,"column":26},"end":{"line":212,"column":5}},"7":{"start":{"line":204,"column":6},"end":{"line":211,"column":7}},"8":{"start":{"line":205,"column":25},"end":{"line":207,"column":9}},"9":{"start":{"line":208,"column":8},"end":{"line":208,"column":35}},"10":{"start":{"line":210,"column":8},"end":{"line":210,"column":57}},"11":{"start":{"line":214,"column":4},"end":{"line":214,"column":20}},"12":{"start":{"line":217,"column":30},"end":{"line":219,"column":3}},"13":{"start":{"line":218,"column":4},"end":{"line":218,"column":35}},"14":{"start":{"line":221,"column":24},"end":{"line":257,"column":3}},"15":{"start":{"line":222,"column":4},"end":{"line":233,"column":5}},"16":{"start":{"line":223,"column":6},"end":{"line":231,"column":9}},"17":{"start":{"line":232,"column":6},"end":{"line":232,"column":13}},"18":{"start":{"line":235,"column":4},"end":{"line":256,"column":5}},"19":{"start":{"line":236,"column":24},"end":{"line":236,"column":60}},"20":{"start":{"line":237,"column":23},"end":{"line":242,"column":7}},"21":{"start":{"line":243,"column":6},"end":{"line":251,"column":9}},"22":{"start":{"line":252,"column":6},"end":{"line":252,"column":67}},"23":{"start":{"line":253,"column":6},"end":{"line":253,"column":21}},"24":{"start":{"line":255,"column":6},"end":{"line":255,"column":56}},"25":{"start":{"line":259,"column":24},"end":{"line":277,"column":3}},"26":{"start":{"line":260,"column":4},"end":{"line":276,"column":5}},"27":{"start":{"line":261,"column":6},"end":{"line":263,"column":8}},"28":{"start":{"line":264,"column":6},"end":{"line":264,"column":74}},"29":{"start":{"line":264,"column":47},"end":{"line":264,"column":71}},"30":{"start":{"line":265,"column":6},"end":{"line":273,"column":9}},"31":{"start":{"line":275,"column":6},"end":{"line":275,"column":54}},"32":{"start":{"line":279,"column":22},"end":{"line":308,"column":3}},"33":{"start":{"line":280,"column":4},"end":{"line":307,"column":5}},"34":{"start":{"line":281,"column":6},"end":{"line":284,"column":8}},"35":{"start":{"line":285,"column":6},"end":{"line":292,"column":8}},"36":{"start":{"line":287,"column":10},"end":{"line":289,"column":11}},"37":{"start":{"line":288,"column":12},"end":{"line":288,"column":49}},"38":{"start":{"line":290,"column":10},"end":{"line":290,"column":25}},"39":{"start":{"line":293,"column":6},"end":{"line":293,"column":24}},"40":{"start":{"line":294,"column":6},"end":{"line":294,"column":22}},"41":{"start":{"line":295,"column":6},"end":{"line":303,"column":9}},"42":{"start":{"line":306,"column":6},"end":{"line":306,"column":53}},"43":{"start":{"line":312,"column":0},"end":{"line":380,"column":2}},"44":{"start":{"line":330,"column":8},"end":{"line":376,"column":14}},"45":{"start":{"line":335,"column":31},"end":{"line":335,"column":58}},"46":{"start":{"line":345,"column":29},"end":{"line":345,"column":54}},"47":{"start":{"line":354,"column":33},"end":{"line":354,"column":66}},"48":{"start":{"line":359,"column":58},"end":{"line":359,"column":75}},"49":{"start":{"line":367,"column":18},"end":{"line":367,"column":42}},"50":{"start":{"line":368,"column":18},"end":{"line":368,"column":44}}},"fnMap":{"0":{"name":"(anonymous_0)","decl":{"start":{"line":196,"column":23},"end":{"line":196,"column":24}},"loc":{"start":{"line":196,"column":40},"end":{"line":382,"column":1}},"line":196},"1":{"name":"(anonymous_1)","decl":{"start":{"line":202,"column":12},"end":{"line":202,"column":13}},"loc":{"start":{"line":202,"column":18},"end":{"line":215,"column":3}},"line":202},"2":{"name":"(anonymous_2)","decl":{"start":{"line":203,"column":26},"end":{"line":203,"column":27}},"loc":{"start":{"line":203,"column":38},"end":{"line":212,"column":5}},"line":203},"3":{"name":"(anonymous_3)","decl":{"start":{"line":217,"column":30},"end":{"line":217,"column":31}},"loc":{"start":{"line":217,"column":41},"end":{"line":219,"column":3}},"line":217},"4":{"name":"(anonymous_4)","decl":{"start":{"line":221,"column":24},"end":{"line":221,"column":25}},"loc":{"start":{"line":221,"column":36},"end":{"line":257,"column":3}},"line":221},"5":{"name":"(anonymous_5)","decl":{"start":{"line":259,"column":24},"end":{"line":259,"column":25}},"loc":{"start":{"line":259,"column":45},"end":{"line":277,"column":3}},"line":259},"6":{"name":"(anonymous_6)","decl":{"start":{"line":264,"column":34},"end":{"line":264,"column":35}},"loc":{"start":{"line":264,"column":47},"end":{"line":264,"column":71}},"line":264},"7":{"name":"(anonymous_7)","decl":{"start":{"line":279,"column":22},"end":{"line":279,"column":23}},"loc":{"start":{"line":279,"column":52},"end":{"line":308,"column":3}},"line":279},"8":{"name":"(anonymous_8)","decl":{"start":{"line":286,"column":21},"end":{"line":286,"column":22}},"loc":{"start":{"line":286,"column":34},"end":{"line":291,"column":9}},"line":286},"9":{"name":"(anonymous_9)","decl":{"start":{"line":329,"column":20},"end":{"line":329,"column":21}},"loc":{"start":{"line":330,"column":8},"end":{"line":376,"column":14}},"line":330},"10":{"name":"(anonymous_10)","decl":{"start":{"line":335,"column":24},"end":{"line":335,"column":25}},"loc":{"start":{"line":335,"column":31},"end":{"line":335,"column":58}},"line":335},"11":{"name":"(anonymous_11)","decl":{"start":{"line":345,"column":23},"end":{"line":345,"column":24}},"loc":{"start":{"line":345,"column":29},"end":{"line":345,"column":54}},"line":345},"12":{"name":"(anonymous_12)","decl":{"start":{"line":354,"column":27},"end":{"line":354,"column":28}},"loc":{"start":{"line":354,"column":33},"end":{"line":354,"column":66}},"line":354},"13":{"name":"(anonymous_13)","decl":{"start":{"line":359,"column":52},"end":{"line":359,"column":53}},"loc":{"start":{"line":359,"column":58},"end":{"line":359,"column":75}},"line":359},"14":{"name":"(anonymous_14)","decl":{"start":{"line":366,"column":25},"end":{"line":366,"column":26}},"loc":{"start":{"line":366,"column":31},"end":{"line":369,"column":17}},"line":366}},"branchMap":{"0":{"loc":{"start":{"line":222,"column":4},"end":{"line":233,"column":5}},"type":"if","locations":[{"start":{"line":222,"column":4},"end":{"line":233,"column":5}},{"start":{},"end":{}}],"line":222},"1":{"loc":{"start":{"line":287,"column":10},"end":{"line":289,"column":11}},"type":"if","locations":[{"start":{"line":287,"column":10},"end":{"line":289,"column":11}},{"start":{},"end":{}}],"line":287},"2":{"loc":{"start":{"line":331,"column":11},"end":{"line":341,"column":11}},"type":"cond-expr","locations":[{"start":{"line":332,"column":12},"end":{"line":338,"column":14}},{"start":{"line":340,"column":12},"end":{"line":340,"column":82}}],"line":331},"3":{"loc":{"start":{"line":350,"column":13},"end":{"line":374,"column":13}},"type":"cond-expr","locations":[{"start":{"line":351,"column":14},"end":{"line":362,"column":17}},{"start":{"line":364,"column":14},"end":{"line":373,"column":23}}],"line":350}},"s":{"0":2,"1":8,"2":8,"3":8,"4":8,"5":8,"6":7,"7":7,"8":7,"9":7,"10":2,"11":7,"12":8,"13":1,"14":8,"15":1,"16":0,"17":0,"18":1,"19":1,"20":1,"21":1,"22":1,"23":1,"24":0,"25":8,"26":0,"27":0,"28":0,"29":0,"30":0,"31":0,"32":8,"33":0,"34":0,"35":0,"36":0,"37":0,"38":0,"39":0,"40":0,"41":0,"42":0,"43":8,"44":0,"45":0,"46":0,"47":0,"48":0,"49":0,"50":0},"f":{"0":8,"1":7,"2":7,"3":1,"4":1,"5":0,"6":0,"7":0,"8":0,"9":0,"10":0,"11":0,"12":0,"13":0,"14":0},"b":{"0":[0,1],"1":[0,0],"2":[0,0],"3":[0,0]},"_coverageSchema":"1a1c01bbd47fc00a2c39e90264f33305004495a9","hash":"d2d48c3abb14af2f8869654f7b534dc85fd83f98"}
,"/Users/alankmathew/Documents/GitHub/forked/webUI/src/components/sideBars/NavBar.jsx": {"path":"/Users/alankmathew/Documents/GitHub/forked/webUI/src/components/sideBars/NavBar.jsx","statementMap":{"0":{"start":{"line":12,"column":20},"end":{"line":15,"column":3}},"1":{"start":{"line":17,"column":2},"end":{"line":39,"column":4}},"2":{"start":{"line":25,"column":8},"end":{"line":32,"column":18}},"3":{"start":{"line":28,"column":39},"end":{"line":28,"column":78}}},"fnMap":{"0":{"name":"Navbar","decl":{"start":{"line":11,"column":9},"end":{"line":11,"column":15}},"loc":{"start":{"line":11,"column":39},"end":{"line":40,"column":1}},"line":11},"1":{"name":"(anonymous_1)","decl":{"start":{"line":24,"column":21},"end":{"line":24,"column":22}},"loc":{"start":{"line":25,"column":8},"end":{"line":32,"column":18}},"line":25},"2":{"name":"(anonymous_2)","decl":{"start":{"line":28,"column":21},"end":{"line":28,"column":22}},"loc":{"start":{"line":28,"column":39},"end":{"line":28,"column":78}},"line":28}},"branchMap":{"0":{"loc":{"start":{"line":28,"column":52},"end":{"line":28,"column":76}},"type":"cond-expr","locations":[{"start":{"line":28,"column":63},"end":{"line":28,"column":71}},{"start":{"line":28,"column":74},"end":{"line":28,"column":76}}],"line":28}},"s":{"0":0,"1":0,"2":0,"3":0},"f":{"0":0,"1":0,"2":0},"b":{"0":[0,0]}}
,"/Users/alankmathew/Documents/GitHub/forked/webUI/src/pages/Dashboard.jsx": {"path":"/Users/alankmathew/Documents/GitHub/forked/webUI/src/pages/Dashboard.jsx","statementMap":{"0":{"start":{"line":12,"column":48},"end":{"line":12,"column":63}},"1":{"start":{"line":15,"column":33},"end":{"line":17,"column":3}},"2":{"start":{"line":16,"column":4},"end":{"line":16,"column":30}},"3":{"start":{"line":19,"column":32},"end":{"line":21,"column":3}},"4":{"start":{"line":20,"column":4},"end":{"line":20,"column":29}},"5":{"start":{"line":23,"column":2},"end":{"line":40,"column":4}}},"fnMap":{"0":{"name":"Dashboard","decl":{"start":{"line":10,"column":9},"end":{"line":10,"column":18}},"loc":{"start":{"line":10,"column":21},"end":{"line":41,"column":1}},"line":10},"1":{"name":"(anonymous_1)","decl":{"start":{"line":15,"column":33},"end":{"line":15,"column":34}},"loc":{"start":{"line":15,"column":39},"end":{"line":17,"column":3}},"line":15},"2":{"name":"(anonymous_2)","decl":{"start":{"line":19,"column":32},"end":{"line":19,"column":33}},"loc":{"start":{"line":19,"column":38},"end":{"line":21,"column":3}},"line":19}},"branchMap":{"0":{"loc":{"start":{"line":35,"column":13},"end":{"line":35,"column":80}},"type":"binary-expr","locations":[{"start":{"line":35,"column":13},"end":{"line":35,"column":28}},{"start":{"line":35,"column":32},"end":{"line":35,"column":80}}],"line":35}},"s":{"0":0,"1":0,"2":0,"3":0,"4":0,"5":0},"f":{"0":0,"1":0,"2":0},"b":{"0":[0,0]}}
}
