TN:
SF:src/components/CreateIssue.jsx
FN:157,(anonymous_0)
FN:172,(anonymous_1)
FN:173,(anonymous_2)
FN:185,(anonymous_3)
FN:190,(anonymous_4)
FN:195,(anonymous_5)
FN:302,(anonymous_6)
FN:317,(anonymous_7)
FNF:8
FNH:0
FNDA:0,(anonymous_0)
FNDA:0,(anonymous_1)
FNDA:0,(anonymous_2)
FNDA:0,(anonymous_3)
FNDA:0,(anonymous_4)
FNDA:0,(anonymous_5)
FNDA:0,(anonymous_6)
FNDA:0,(anonymous_7)
DA:157,0
DA:158,0
DA:168,0
DA:169,0
DA:170,0
DA:172,0
DA:173,0
DA:174,0
DA:175,0
DA:176,0
DA:178,0
DA:182,0
DA:185,0
DA:186,0
DA:187,0
DA:190,0
DA:191,0
DA:192,0
DA:195,0
DA:196,0
DA:197,0
DA:198,0
DA:199,0
DA:200,0
DA:201,0
DA:202,0
DA:204,0
DA:206,0
DA:208,0
DA:218,0
DA:219,0
DA:220,0
DA:222,0
DA:226,0
DA:303,0
DA:318,0
LF:36
LH:0
BRF:0
BRH:0
end_of_record
TN:
SF:src/components/issueView/CommentSection.jsx
FN:196,(anonymous_0)
FN:202,(anonymous_1)
FN:203,(anonymous_2)
FN:217,(anonymous_3)
FN:221,(anonymous_4)
FN:259,(anonymous_5)
FN:264,(anonymous_6)
FN:279,(anonymous_7)
FN:286,(anonymous_8)
FN:329,(anonymous_9)
FN:335,(anonymous_10)
FN:345,(anonymous_11)
FN:354,(anonymous_12)
FN:359,(anonymous_13)
FN:366,(anonymous_14)
FNF:15
FNH:5
FNDA:8,(anonymous_0)
FNDA:7,(anonymous_1)
FNDA:7,(anonymous_2)
FNDA:1,(anonymous_3)
FNDA:1,(anonymous_4)
FNDA:0,(anonymous_5)
FNDA:0,(anonymous_6)
FNDA:0,(anonymous_7)
FNDA:0,(anonymous_8)
FNDA:0,(anonymous_9)
FNDA:0,(anonymous_10)
FNDA:0,(anonymous_11)
FNDA:0,(anonymous_12)
FNDA:0,(anonymous_13)
FNDA:0,(anonymous_14)
DA:196,2
DA:197,8
DA:198,8
DA:199,8
DA:200,8
DA:202,8
DA:203,7
DA:204,7
DA:205,7
DA:208,7
DA:210,2
DA:214,7
DA:217,8
DA:218,1
DA:221,8
DA:222,1
DA:223,0
DA:232,0
DA:235,1
DA:236,1
DA:237,1
DA:243,1
DA:252,1
DA:253,1
DA:255,0
DA:259,8
DA:260,0
DA:261,0
DA:264,0
DA:265,0
DA:275,0
DA:279,8
DA:280,0
DA:281,0
DA:285,0
DA:287,0
DA:288,0
DA:290,0
DA:293,0
DA:294,0
DA:295,0
DA:306,0
DA:312,8
DA:330,0
DA:335,0
DA:345,0
DA:354,0
DA:359,0
DA:367,0
DA:368,0
LF:50
LH:25
BRDA:222,0,0,0
BRDA:222,0,1,1
BRDA:287,1,0,0
BRDA:287,1,1,0
BRDA:331,2,0,0
BRDA:331,2,1,0
BRDA:350,3,0,0
BRDA:350,3,1,0
BRF:8
BRH:1
end_of_record
TN:
SF:src/components/sideBars/NavBar.jsx
FN:11,Navbar
FN:24,(anonymous_1)
FN:28,(anonymous_2)
FNF:3
FNH:0
FNDA:0,Navbar
FNDA:0,(anonymous_1)
FNDA:0,(anonymous_2)
DA:12,0
DA:17,0
DA:25,0
DA:28,0
LF:4
LH:0
BRDA:28,0,0,0
BRDA:28,0,1,0
BRF:2
BRH:0
end_of_record
TN:
SF:src/pages/Dashboard.jsx
FN:10,Dashboard
FN:15,(anonymous_1)
FN:19,(anonymous_2)
FNF:3
FNH:0
FNDA:0,Dashboard
FNDA:0,(anonymous_1)
FNDA:0,(anonymous_2)
DA:12,0
DA:15,0
DA:16,0
DA:19,0
DA:20,0
DA:23,0
LF:6
LH:0
BRDA:35,0,0,0
BRDA:35,0,1,0
BRF:2
BRH:0
end_of_record
